# JRE version: OpenJDK Runtime Environment 18.9 (11.0.11+9) (build 11.0.11+9)
# Java VM: OpenJDK 64-Bit Server VM 18.9 (11.0.11+9, mixed mode, tiered, compressed oops, g1 gc, windows-amd64)
Heap:
 garbage-first heap   total 262144K, used 115356K [0x0000000740000000, 0x0000000800000000)
  region size 1024K, 9 young (9216K), 5 survivors (5120K)
 Metaspace       used 105747K, capacity 108386K, committed 108444K, reserved 1142784K
  class space    used 13558K, capacity 14728K, committed 14752K, reserved 1048576K
GC Heap History (20 events):
Event: 1160.370 GC heap before
{Heap before GC invocations=156 (full 1):
 garbage-first heap   total 262144K, used 167094K [0x0000000740000000, 0x0000000800000000)
  region size 1024K, 60 young (61440K), 1 survivors (1024K)
 Metaspace       used 105075K, capacity 107700K, committed 107804K, reserved 1142784K
  class space    used 13460K, capacity 14605K, committed 14624K, reserved 1048576K
}
Event: 1160.371 GC heap after
{Heap after GC invocations=157 (full 1):
 garbage-first heap   total 262144K, used 106706K [0x0000000740000000, 0x0000000800000000)
  region size 1024K, 1 young (1024K), 1 survivors (1024K)
 Metaspace       used 105075K, capacity 107700K, committed 107804K, reserved 1142784K
  class space    used 13460K, capacity 14605K, committed 14624K, reserved 1048576K
}
Event: 1166.652 GC heap before
{Heap before GC invocations=157 (full 1):
 garbage-first heap   total 262144K, used 167122K [0x0000000740000000, 0x0000000800000000)
  region size 1024K, 60 young (61440K), 1 survivors (1024K)
 Metaspace       used 105079K, capacity 107700K, committed 107804K, reserved 1142784K
  class space    used 13460K, capacity 14605K, committed 14624K, reserved 1048576K
}
Event: 1166.654 GC heap after
{Heap after GC invocations=158 (full 1):
 garbage-first heap   total 262144K, used 106751K [0x0000000740000000, 0x0000000800000000)
  region size 1024K, 1 young (1024K), 1 survivors (1024K)
 Metaspace       used 105079K, capacity 107700K, committed 107804K, reserved 1142784K
  class space    used 13460K, capacity 14605K, committed 14624K, reserved 1048576K
}
Event: 1177.615 GC heap before
{Heap before GC invocations=158 (full 1):
 garbage-first heap   total 262144K, used 167167K [0x0000000740000000, 0x0000000800000000)
  region size 1024K, 60 young (61440K), 1 survivors (1024K)
 Metaspace       used 105089K, capacity 107701K, committed 107804K, reserved 1142784K
  class space    used 13460K, capacity 14605K, committed 14624K, reserved 1048576K
}
Event: 1177.616 GC heap after
{Heap after GC invocations=159 (full 1):
 garbage-first heap   total 262144K, used 106702K [0x0000000740000000, 0x0000000800000000)
  region size 1024K, 1 young (1024K), 1 survivors (1024K)
 Metaspace       used 105089K, capacity 107701K, committed 107804K, reserved 1142784K
  class space    used 13460K, capacity 14605K, committed 14624K, reserved 1048576K
}
Event: 1211.818 GC heap before
{Heap before GC invocations=159 (full 1):
 garbage-first heap   total 262144K, used 167118K [0x0000000740000000, 0x0000000800000000)
  region size 1024K, 60 young (61440K), 1 survivors (1024K)
 Metaspace       used 105098K, capacity 107701K, committed 107804K, reserved 1142784K
  class space    used 13460K, capacity 14605K, committed 14624K, reserved 1048576K
}
Event: 1211.820 GC heap after
{Heap after GC invocations=160 (full 1):
 garbage-first heap   total 262144K, used 106852K [0x0000000740000000, 0x0000000800000000)
  region size 1024K, 1 young (1024K), 1 survivors (1024K)
 Metaspace       used 105098K, capacity 107701K, committed 107804K, reserved 1142784K
  class space    used 13460K, capacity 14605K, committed 14624K, reserved 1048576K
}
Event: 1212.050 GC heap before
{Heap before GC invocations=160 (full 1):
 garbage-first heap   total 262144K, used 167268K [0x0000000740000000, 0x0000000800000000)
  region size 1024K, 60 young (61440K), 1 survivors (1024K)
 Metaspace       used 105102K, capacity 107701K, committed 107804K, reserved 1142784K
  class space    used 13460K, capacity 14605K, committed 14624K, reserved 1048576K
}
Event: 1212.051 GC heap after
{Heap after GC invocations=161 (full 1):
 garbage-first heap   total 262144K, used 106678K [0x0000000740000000, 0x0000000800000000)
  region size 1024K, 1 young (1024K), 1 survivors (1024K)
 Metaspace       used 105102K, capacity 107701K, committed 107804K, reserved 1142784K
  class space    used 13460K, capacity 14605K, committed 14624K, reserved 1048576K
}
Event: 1212.315 GC heap before
{Heap before GC invocations=161 (full 1):
 garbage-first heap   total 262144K, used 167094K [0x0000000740000000, 0x0000000800000000)
  region size 1024K, 60 young (61440K), 1 survivors (1024K)
 Metaspace       used 105102K, capacity 107701K, committed 107804K, reserved 1142784K
  class space    used 13460K, capacity 14605K, committed 14624K, reserved 1048576K
}
Event: 1212.316 GC heap after
{Heap after GC invocations=162 (full 1):
 garbage-first heap   total 262144K, used 106702K [0x0000000740000000, 0x0000000800000000)
  region size 1024K, 1 young (1024K), 1 survivors (1024K)
 Metaspace       used 105102K, capacity 107701K, committed 107804K, reserved 1142784K
  class space    used 13460K, capacity 14605K, committed 14624K, reserved 1048576K
}
Event: 1213.159 GC heap before
{Heap before GC invocations=162 (full 1):
 garbage-first heap   total 262144K, used 167118K [0x0000000740000000, 0x0000000800000000)
  region size 1024K, 60 young (61440K), 1 survivors (1024K)
 Metaspace       used 105162K, capacity 107765K, committed 107804K, reserved 1142784K
  class space    used 13464K, capacity 14605K, committed 14624K, reserved 1048576K
}
Event: 1213.160 GC heap after
{Heap after GC invocations=163 (full 1):
 garbage-first heap   total 262144K, used 106794K [0x0000000740000000, 0x0000000800000000)
  region size 1024K, 1 young (1024K), 1 survivors (1024K)
 Metaspace       used 105162K, capacity 107765K, committed 107804K, reserved 1142784K
  class space    used 13464K, capacity 14605K, committed 14624K, reserved 1048576K
}
Event: 1217.506 GC heap before
{Heap before GC invocations=163 (full 1):
 garbage-first heap   total 262144K, used 166186K [0x0000000740000000, 0x0000000800000000)
  region size 1024K, 60 young (61440K), 1 survivors (1024K)
 Metaspace       used 105264K, capacity 107931K, committed 108188K, reserved 1142784K
  class space    used 13478K, capacity 14639K, committed 14752K, reserved 1048576K
}
Event: 1217.508 GC heap after
{Heap after GC invocations=164 (full 1):
 garbage-first heap   total 262144K, used 108605K [0x0000000740000000, 0x0000000800000000)
  region size 1024K, 3 young (3072K), 3 survivors (3072K)
 Metaspace       used 105264K, capacity 107931K, committed 108188K, reserved 1142784K
  class space    used 13478K, capacity 14639K, committed 14752K, reserved 1048576K
}
Event: 1218.507 GC heap before
{Heap before GC invocations=164 (full 1):
 garbage-first heap   total 262144K, used 166973K [0x0000000740000000, 0x0000000800000000)
  region size 1024K, 60 young (61440K), 3 survivors (3072K)
 Metaspace       used 105299K, capacity 107931K, committed 108188K, reserved 1142784K
  class space    used 13478K, capacity 14639K, committed 14752K, reserved 1048576K
}
Event: 1218.508 GC heap after
{Heap after GC invocations=165 (full 1):
 garbage-first heap   total 262144K, used 110125K [0x0000000740000000, 0x0000000800000000)
  region size 1024K, 3 young (3072K), 3 survivors (3072K)
 Metaspace       used 105299K, capacity 107931K, committed 108188K, reserved 1142784K
  class space    used 13478K, capacity 14639K, committed 14752K, reserved 1048576K
}
Event: 1220.116 GC heap before
{Heap before GC invocations=165 (full 1):
 garbage-first heap   total 262144K, used 168493K [0x0000000740000000, 0x0000000800000000)
  region size 1024K, 60 young (61440K), 3 survivors (3072K)
 Metaspace       used 105617K, capacity 108262K, committed 108444K, reserved 1142784K
  class space    used 13525K, capacity 14684K, committed 14752K, reserved 1048576K
}
Event: 1220.117 GC heap after
{Heap after GC invocations=166 (full 1):
 garbage-first heap   total 262144K, used 112284K [0x0000000740000000, 0x0000000800000000)
  region size 1024K, 5 young (5120K), 5 survivors (5120K)
 Metaspace       used 105617K, capacity 108262K, committed 108444K, reserved 1142784K
  class space    used 13525K, capacity 14684K, committed 14752K, reserved 1048576K
}

